19/ 11/ 2022	11: 35: 58	5306319d-6c5c-4523-8722-0a296d714d20	GET	/index.html	undefined
20/ 11/ 2022	14: 47: 24	5498b5a1-774f-4d44-b90a-ab69fcc77c57	GET	/index.html	undefined
20/ 11/ 2022	14: 47: 25	40218d40-d5c9-4df5-8c58-a0ac612a78c3	GET	/favicon.ico	undefined
20/ 11/ 2022	14: 47: 36	878ef41f-d2d6-4692-9109-7a666f1fccd3	GET	/index.html	undefined
20/ 11/ 2022	18: 56: 59	c8ef0f19-8e1d-4b7f-9b56-5b9edf31e3fe	GET	/index.html	undefined
20/ 11/ 2022	18: 57: 05	239bddbf-c932-4982-94ea-e9a65c00adc6	GET	/	undefined
20/ 11/ 2022	18: 57: 10	593a1c81-bd67-48c9-a076-a982c038bd11	GET	/someth	undefined
20/ 11/ 2022	18: 57: 14	7f678553-a70d-4ef6-8b75-7ac1501ac8a7	GET	/	undefined
20/ 11/ 2022	18: 57: 17	e2621c72-1deb-45a6-b7b7-2e3d4ae91222	GET	/	undefined
20/ 11/ 2022	20: 14: 33	df5683f9-7f85-440b-b9b6-3882867bc34d	GET	/users	undefined
20/ 11/ 2022	20: 14: 47	4a6ac46d-ef47-47f6-aa06-d308c91ea27c	GET	/users	undefined
20/ 11/ 2022	20: 15: 05	c5a5ebea-7ff1-4073-b880-d17505794de2	POST	/users	undefined
20/ 11/ 2022	20: 15: 15	f2e03cbd-99d3-40c8-ae1b-1fb3137a0a17	GET	/users	undefined
20/ 11/ 2022	20: 15: 56	fb320308-d117-49bd-84d1-0b89a7fa1bb6	GET	/users	undefined
20/ 11/ 2022	20: 16: 29	075b93f2-0715-443c-86ca-16158106839f	GET	/users	undefined
20/ 11/ 2022	20: 17: 44	58ff39fa-11c6-4bff-80ed-9a55a8df60b3	GET	/users	undefined
20/ 11/ 2022	20: 18: 31	f06194ac-869d-403b-a718-6cb7096808da	GET	/users	undefined
20/ 11/ 2022	20: 34: 19	aaaa1d69-5558-4559-9d8e-34a392bf7b17	GET	/users	undefined
20/ 11/ 2022	21: 02: 35	753a83f8-67f9-47dc-940e-62501757b8d4	POST	/users	undefined
20/ 11/ 2022	21: 03: 04	5e7a41ce-47c4-4fee-b022-d1d30b6b4598	POST	/users	undefined
20/ 11/ 2022	21: 03: 22	01ffcb45-7944-4a45-bb23-0cc5871da4b5	POST	/users	undefined
20/ 11/ 2022	21: 08: 50	e37a3930-c0b7-4964-be69-4e24043c358c	POST	/users	undefined
20/ 11/ 2022	21: 10: 05	0f2e9bd0-22ad-4c21-86d0-881b2f3c0ceb	POST	/users	undefined
20/ 11/ 2022	21: 10: 52	5d14b6c9-32fc-41fd-b552-dd0c6103f396	POST	/users	undefined
21/ 11/ 2022	21: 53: 11	792b56f6-f390-4d6b-b0fe-b97824ae7a7b	POST	/users	undefined
21/ 11/ 2022	21: 53: 28	9a4cfe71-e401-44b9-9524-889f56481b1f	POST	/users	undefined
21/ 11/ 2022	21: 53: 31	ff2a9bd7-8b3c-4bb8-9021-3668fdfc314d	POST	/users	undefined
21/ 11/ 2022	21: 54: 04	1978e234-7564-4541-91c4-5697b79359f2	POST	/users	undefined
22/ 11/ 2022	03: 08: 54	db52d241-6e45-433b-803c-7694ee07bf7f	GET	/users	undefined
22/ 11/ 2022	03: 09: 00	8b8b850e-e490-4a3e-aa28-5760752165ae	POST	/users	undefined
22/ 11/ 2022	03: 09: 04	b162067d-8d4d-4862-8706-106306818505	POST	/users	undefined
22/ 11/ 2022	03: 10: 20	42e1ff27-2170-491f-8a83-3baae01b4859	POST	/users	undefined
22/ 11/ 2022	03: 10: 29	b155154f-be8e-4ae8-839c-37912d034538	GET	/users	undefined
22/ 11/ 2022	03: 11: 04	b85759c7-e6ce-4654-90b4-b702350ba850	POST	/users	undefined
22/ 11/ 2022	03: 11: 09	579bacef-f5bf-4c89-835b-e332d618a2a5	POST	/users	undefined
22/ 11/ 2022	03: 11: 16	94cb8503-6b14-4494-9b44-a354b35e1cb0	GET	/users	undefined
22/ 11/ 2022	03: 11: 32	4cb088c8-8b32-45d3-ad4e-780795a5383b	POST	/users	undefined
22/ 11/ 2022	03: 11: 41	41163b09-5d8a-4ecb-a053-67e8b0206a6c	POST	/users	undefined
22/ 11/ 2022	03: 11: 46	533c74dd-df47-41cf-8f8f-136da49d7fdb	POST	/users	undefined
22/ 11/ 2022	03: 11: 59	6db4420f-4aa2-4a1d-ab75-80d15ca952cb	POST	/users	undefined
22/ 11/ 2022	03: 12: 11	059be228-4a4f-4e74-803e-51fa445f2f7c	POST	/users	undefined
22/ 11/ 2022	03: 12: 16	0815b120-ccee-487b-adb4-35df23ad4442	GET	/users	undefined
22/ 11/ 2022	03: 13: 17	9845e986-2c08-4479-83c9-564c58fd6b8a	PATCH	/users	undefined
22/ 11/ 2022	03: 13: 25	063bc67e-9d61-48c3-9aa7-c87dbb7da280	PATCH	/users	undefined
22/ 11/ 2022	03: 14: 14	15d6320f-425c-439f-b9ac-f494e50cb11f	PATCH	/users	undefined
22/ 11/ 2022	03: 14: 19	cf7a6bcb-ca77-4570-84c0-a0f98b74afb8	PATCH	/users	undefined
22/ 11/ 2022	03: 15: 05	63c1aa5e-6fdc-4e82-b627-f9e996713bc5	PATCH	/users	undefined
22/ 11/ 2022	03: 15: 14	40b048b3-3bb1-44d4-aa26-20e3a2598895	PATCH	/users	undefined
22/ 11/ 2022	03: 15: 22	4ec5f81b-7d0b-4009-b6c5-d8409dd64bf2	PATCH	/users	undefined
22/ 11/ 2022	03: 20: 01	3a7c6450-eff1-4f92-a098-86bf87f44134	PATCH	/users	undefined
22/ 11/ 2022	03: 20: 28	4fb01e43-4a72-4080-bfed-bfb8f78a3a20	PATCH	/users	undefined
22/ 11/ 2022	03: 20: 35	538d3f74-5de7-4149-a20d-938658013d09	PATCH	/users	undefined
22/ 11/ 2022	03: 21: 06	850ffbbe-6b64-4fc9-9ba8-d617c01ee228	PATCH	/users	undefined
22/ 11/ 2022	03: 21: 14	60e0692e-8cff-4bba-a93b-f37b050a9d13	PATCH	/users	undefined
22/ 11/ 2022	03: 21: 46	52d359c3-8fe0-4453-a379-997841d8c14b	GET	/users	undefined
22/ 11/ 2022	03: 21: 56	559079b5-79f6-423a-92a3-1fa6c05b3b73	PATCH	/users	undefined
22/ 11/ 2022	03: 22: 02	2addbf8c-ac85-4178-b2f4-06c40dcebf22	GET	/users	undefined
22/ 11/ 2022	03: 22: 18	aaf9ad60-9d02-48ca-9d23-d7f9fc1a2246	POST	/users	undefined
22/ 11/ 2022	03: 23: 28	85c058f8-3eb7-43f8-82a1-ea4ce7c7db28	GET	/users	undefined
22/ 11/ 2022	03: 23: 58	d8827ed8-23a7-4809-bad0-b62a28a2b1ef	DELETE	/users	undefined
22/ 11/ 2022	03: 24: 08	53db1bf6-fc56-4efe-87be-de0592176db2	DELETE	/users	undefined
22/ 11/ 2022	03: 24: 38	08df99b9-b4ea-4ee3-a95d-80925519b3a4	DELETE	/users	undefined
22/ 11/ 2022	03: 24: 48	87f1ca33-c607-460b-899b-11a5eed9ad0e	DELETE	/users	undefined
22/ 11/ 2022	03: 25: 49	7fd4bb51-4ced-441f-8f97-a0eebebd9422	DELETE	/users	undefined
22/ 11/ 2022	03: 25: 55	dcf6a3f7-64e5-44a4-95b5-d4036772f453	GET	/users	undefined
22/ 11/ 2022	03: 26: 03	8df3e82a-920d-434b-ac8c-a7e2d8a53135	POST	/users	undefined
22/ 11/ 2022	03: 26: 08	c22e9457-bdbc-4a0b-9e23-b11a8fa89a69	GET	/users	undefined
22/ 11/ 2022	03: 26: 26	46dcac4d-ded7-4cc8-bca1-46778994c917	DELETE	/users	undefined
22/ 11/ 2022	03: 27: 38	617d0f22-3f8a-4278-9429-f61e9bd30fcc	POST	/users	undefined
22/ 11/ 2022	03: 27: 41	a3b38e49-19af-464e-978a-dab2a34264fe	POST	/users	undefined
22/ 11/ 2022	03: 27: 47	598d5dd9-3430-4cce-86f7-57aa74785b71	GET	/users	undefined
22/ 11/ 2022	03: 28: 04	15f553c7-0ed8-4c3c-8f80-b317e500a0db	DELETE	/users	undefined
22/ 11/ 2022	03: 28: 09	6a494d27-2b3f-460b-9bd1-b4ccc22d2808	DELETE	/users	undefined
22/ 11/ 2022	03: 28: 25	49cbf575-7ee4-4617-ae77-9d3d2d8214ff	GET	/notes	undefined
22/ 11/ 2022	03: 29: 54	bc37e1d8-32f1-47ce-93c3-87ecaae1c585	POST	/notes	undefined
22/ 11/ 2022	03: 30: 45	5a9e2674-8ea3-45eb-a6b2-16744ec04122	POST	/notes	undefined
22/ 11/ 2022	03: 30: 57	9d925f1d-4f7b-4758-841a-44e3958b7b39	POST	/notes	undefined
22/ 11/ 2022	03: 31: 12	c3faa765-45cd-4189-a1dd-93950d9f4829	POST	/notes	undefined
22/ 11/ 2022	03: 31: 21	cd94bd1a-9a52-45a0-b638-1e7c6b5b452c	GET	/notes	undefined
22/ 11/ 2022	03: 34: 56	5bae75fc-a69f-41f3-9399-6a59369604a7	GET	/	undefined
22/ 11/ 2022	03: 34: 56	93518dd8-e85d-4ac6-ac7d-499c065e958e	GET	/favicon.ico	undefined
22/ 11/ 2022	03: 35: 04	1484c44d-829f-4939-a41a-c30fc3f90071	GET	/	undefined
22/ 11/ 2022	03: 36: 57	233ff9f7-d073-4533-be88-0b45ecd8c3b1	PATCH	/notes	undefined
22/ 11/ 2022	03: 37: 23	d64427e6-fb68-4af9-8429-6dcd6e2fd3aa	PATCH	/notes	undefined
22/ 11/ 2022	03: 37: 30	dbc97940-1f11-4647-bdb8-5e7529fb9147	PATCH	/notes	undefined
22/ 11/ 2022	03: 37: 35	4a4af052-0c42-4937-9b1b-77d5c67618fa	PATCH	/notes	undefined
22/ 11/ 2022	03: 41: 47	24085cf7-95a1-4a50-83e1-de897cd4d0fa	PATCH	/notes	undefined
22/ 11/ 2022	03: 42: 22	284b19fc-6084-4194-8de7-401fa351a375	PATCH	/notes	undefined
22/ 11/ 2022	03: 42: 31	3249f6f4-0871-4050-bdb2-3c669b33e771	PATCH	/notes	undefined
22/ 11/ 2022	03: 42: 48	1e40c30f-b9f8-43ef-9ed4-7160e889721c	PATCH	/notes	undefined
22/ 11/ 2022	03: 43: 10	1888377f-4d2a-4b7a-b665-ea04093788a2	PATCH	/notes	undefined
22/ 11/ 2022	03: 44: 02	e42d4b05-33b4-4ccc-8590-72becfdf171f	PATCH	/notes	undefined
22/ 11/ 2022	03: 44: 26	d1353532-0039-431a-b9e2-57225d04c3e4	GET	/notes	undefined
22/ 11/ 2022	03: 44: 45	4649bc52-7a2a-4cb1-9533-1e213b288d69	PATCH	/notes	undefined
22/ 11/ 2022	03: 44: 51	4fb55e2a-f956-4dbc-b93d-ed59e7a4512d	PATCH	/notes	undefined
22/ 11/ 2022	03: 45: 05	0f103d1c-7171-43d7-b004-71ccef122deb	PATCH	/notes	undefined
22/ 11/ 2022	03: 45: 43	e4f17a83-016e-443b-88b4-90750717a1ab	PATCH	/notes	undefined
22/ 11/ 2022	03: 46: 40	1684fe47-97f2-425b-9c04-d97e55432c46	GET	/users	undefined
22/ 11/ 2022	03: 46: 45	f0ed2bc6-66c4-484c-b32d-c14a08c4176a	PATCH	/notes	undefined
22/ 11/ 2022	03: 46: 49	400ae800-0145-40a7-a437-ba48b58a9049	PATCH	/notes	undefined
22/ 11/ 2022	03: 48: 17	b57cc706-655e-4227-93b2-1be6fcf2e259	PATCH	/notes	undefined
22/ 11/ 2022	03: 48: 47	5a943d48-d68e-4f32-8bbf-ecd593ed8b1e	DELETE	/users	undefined
22/ 11/ 2022	03: 50: 40	1cf4c3be-aa2f-4307-b833-e66fb58a645b	GET	/users	undefined
22/ 11/ 2022	03: 51: 09	3050861d-3168-444f-9052-83e8e7713a9f	GET	/notes	undefined
22/ 11/ 2022	03: 52: 06	66a67bf8-c82f-4ac1-90d4-61373cd7d819	POST	/notes	undefined
22/ 11/ 2022	03: 52: 17	b4c4476b-2d98-4ceb-a7a4-f23b63aad6d0	GET	/users	undefined
22/ 11/ 2022	03: 52: 41	b9aea27a-fa55-4f1d-a8d0-8d4140d98ce2	DELETE	/users	undefined
22/ 11/ 2022	03: 52: 47	d2dcf6cb-5f81-4536-ae04-52d05bc5b00f	DELETE	/users	undefined
22/ 11/ 2022	03: 54: 07	d30fbe4d-f65f-4e94-bfa2-f1bac3c89ca5	DELETE	/users	undefined
22/ 11/ 2022	03: 54: 35	6ba45d6f-8c61-47f8-bda2-c38fbb3b2316	GET	/notes	undefined
22/ 11/ 2022	03: 55: 24	0172f8d3-d6aa-42e0-951a-170cec5deed7	GET	/notes	undefined
22/ 11/ 2022	03: 55: 46	cff35e7a-9e00-4fb3-b4da-42b54b33c884	DELETE	/notes	undefined
22/ 11/ 2022	03: 56: 08	3e9b117f-1e9b-479d-ba58-2d48de48b8c8	DELETE	/notes	undefined
22/ 11/ 2022	03: 57: 19	4a4c9a4d-18ed-429f-bdbd-8b17cc81f8ec	DELETE	/notes	undefined
22/ 11/ 2022	03: 57: 34	ec1ac5ab-30f8-4455-8c63-7befb759b615	GET	/notes	undefined
22/ 11/ 2022	03: 58: 07	3381068c-ab2b-4241-b9dc-db6a7077ef38	DELETE	/notes	undefined
22/ 11/ 2022	03: 59: 17	d645d329-9f7c-4bcb-ace5-c19ee71ce219	DELETE	/notes	undefined
22/ 11/ 2022	03: 59: 29	450836b8-d2a4-43ac-8418-982aa3bf8254	GET	/notes	undefined
22/ 11/ 2022	03: 59: 45	21236b47-a4bd-40fd-a048-4782942aced0	DELETE	/notes	undefined
22/ 11/ 2022	03: 59: 50	9dddf008-4b98-487f-9eb4-ba72f6af3b3d	GET	/notes	undefined
22/ 11/ 2022	04: 00: 11	ad3d688d-84a3-4cd0-a1b2-d3d57c217520	DELETE	/notes	undefined
22/ 11/ 2022	04: 00: 16	bd5699f6-320d-468f-9c55-c76168beb4bd	GET	/notes	undefined
22/ 11/ 2022	04: 00: 35	0d861021-5db4-4cbc-b085-0e8599a0e15b	DELETE	/notes	undefined
22/ 11/ 2022	04: 00: 41	e8ea8713-cfb6-445a-8156-2ef27c4c7b46	GET	/notes	undefined
22/ 11/ 2022	04: 00: 58	636f89ad-4aae-4cb3-acb3-1d1e9d9e0423	GET	/users	undefined
22/ 11/ 2022	04: 01: 09	c8cec104-bc06-455f-bbbf-deb2edd3f217	POST	/users	undefined
22/ 11/ 2022	04: 01: 14	bda8a14c-7f70-4064-94ea-e0c293a33565	GET	/users	undefined
22/ 11/ 2022	04: 01: 56	36666bb9-f509-465c-82cb-7cbfcd4fb7fc	POST	/notes	undefined
22/ 11/ 2022	04: 02: 04	41a7272f-7fb7-47cc-a879-a67703c36de7	GET	/notes	undefined
22/ 11/ 2022	04: 02: 21	930b322c-3feb-4870-97ed-63298df5df80	PATCH	/notes	undefined
22/ 11/ 2022	04: 02: 27	42470366-b24f-4ce8-a387-8b35a7fa8b77	PATCH	/notes	undefined
22/ 11/ 2022	04: 02: 35	dc2f7029-ae3c-489b-917a-23daf10c1e54	GET	/notes	undefined
22/ 11/ 2022	04: 03: 02	db378383-d681-4c6c-8551-279fc3074c10	PATCH	/notes	undefined
22/ 11/ 2022	04: 03: 08	4149a8e6-d4c3-41af-af07-99f1cc837ae2	GET	/notes	undefined
22/ 11/ 2022	04: 03: 23	71644294-8959-4d53-b7e7-992070992816	DELETE	/users	undefined
22/ 11/ 2022	04: 03: 38	720db7af-cdea-4cc7-a75b-0f32c85d56a9	DELETE	/users	undefined
22/ 11/ 2022	04: 03: 46	530562c2-d47b-430e-a020-b647b96c6619	DELETE	/users	undefined
22/ 11/ 2022	04: 04: 13	d5fed1ff-eb4c-4f4d-9e4c-082767c2510f	POST	/notes	undefined
22/ 11/ 2022	04: 04: 22	2a474f34-2475-4ce3-968d-cbf8619513d8	DELETE	/users	undefined
22/ 11/ 2022	04: 04: 41	a9b509ad-4df3-4a4c-a658-9a115a51fb3c	GET	/notes	undefined
22/ 11/ 2022	04: 05: 13	8b282dd1-9aae-427c-aa08-f795e9d5ff69	GET	/users	undefined
22/ 11/ 2022	04: 05: 28	4be7611a-ec45-4a75-96f2-d311260d271e	DELETE	/users	undefined
22/ 11/ 2022	04: 06: 23	fb3a4672-38da-4bef-b373-2784cdc9cb74	PATCH	/notes	undefined
22/ 11/ 2022	04: 06: 31	51e1a669-e588-4df6-80d5-47f4bc957cf6	GET	/notes	undefined
22/ 11/ 2022	04: 07: 08	22dbd16e-3b76-4914-8ad4-21062ae55548	DELETE	/users	undefined
22/ 11/ 2022	04: 07: 33	7d142407-aef5-41b0-bed8-93ca648c2d70	DELETE	/notes	undefined
22/ 11/ 2022	04: 07: 44	a31a7d9e-71c0-4b82-a566-a62d61be1bb1	GET	/notes	undefined
22/ 11/ 2022	04: 08: 55	db6c8480-1f31-466b-968f-c8ecf8d2a05e	PATCH	/users	undefined
22/ 11/ 2022	04: 09: 03	66255e2c-f156-43b1-b5ae-6648b37f6aaf	PATCH	/users	undefined
22/ 11/ 2022	04: 09: 09	b9ce9ae1-a551-487e-96a1-115f032c45d9	GET	/users	undefined
22/ 11/ 2022	04: 09: 20	c0485d3e-3e13-40d0-9ada-a62a0175b1b6	PATCH	/users	undefined
22/ 11/ 2022	04: 10: 00	dac6e543-2aee-487e-be42-dbf100a03988	GET	/users	undefined
22/ 11/ 2022	04: 10: 15	b1d25046-3698-45d2-af37-f847bcbc2100	GET	/users	undefined
22/ 11/ 2022	04: 12: 20	f3ba0b4a-8848-4540-adfe-bd0b5675e073	GET	/users	undefined
22/ 11/ 2022	04: 12: 25	2a706c16-998f-4864-8656-2e4d14d14ed8	GET	/users	undefined
22/ 11/ 2022	04: 12: 47	8193aa6b-9890-4cf8-bbdc-27a8721d26ae	GET	/users	undefined
22/ 11/ 2022	04: 13: 02	e4f7596e-08b6-4d1f-b632-0c380219ff2d	PATCH	/users	undefined
